<?xml version="1.0" encoding="UTF-8"?>
<!-- Generated by org.testng.reporters.JUnitXMLReporter -->
<testsuite hostname="pikkurthi" ignored="0" name="Unsecured connections" tests="18" failures="0" timestamp="26 Mar 2018 22:25:45 GMT" time="0.871" errors="0">
  <testcase name="testRegistraion" time="0.126" classname="com.hijacking.dao.UserRegistrationTest"/>
  <testcase name="testRegistraionSecondTime" time="0.092" classname="com.hijacking.dao.UserRegistrationTest"/>
  <testcase name="verifyLoginwithInValidCredentials" time="0.01" classname="com.hijacking.dao.VerifyLoginTest"/>
  <testcase name="verifyLoginwithTautologyAttack1" time="0.011" classname="com.hijacking.dao.VerifyLoginTest"/>
  <testcase name="verifyLoginwithTautologyAttack10" time="0.007" classname="com.hijacking.dao.VerifyLoginTest"/>
  <testcase name="verifyLoginwithTautologyAttack11" time="0.011" classname="com.hijacking.dao.VerifyLoginTest"/>
  <testcase name="verifyLoginwithTautologyAttack12" time="0.008" classname="com.hijacking.dao.VerifyLoginTest"/>
  <testcase name="verifyLoginwithTautologyAttack13" time="0.006" classname="com.hijacking.dao.VerifyLoginTest"/>
  <testcase name="verifyLoginwithTautologyAttack14" time="0.008" classname="com.hijacking.dao.VerifyLoginTest"/>
  <testcase name="verifyLoginwithTautologyAttack2" time="0.013" classname="com.hijacking.dao.VerifyLoginTest"/>
  <testcase name="verifyLoginwithTautologyAttack3" time="0.008" classname="com.hijacking.dao.VerifyLoginTest"/>
  <testcase name="verifyLoginwithTautologyAttack4" time="0.009" classname="com.hijacking.dao.VerifyLoginTest"/>
  <testcase name="verifyLoginwithTautologyAttack5" time="0.007" classname="com.hijacking.dao.VerifyLoginTest"/>
  <testcase name="verifyLoginwithTautologyAttack6" time="0.01" classname="com.hijacking.dao.VerifyLoginTest"/>
  <testcase name="verifyLoginwithTautologyAttack7" time="0.009" classname="com.hijacking.dao.VerifyLoginTest"/>
  <testcase name="verifyLoginwithTautologyAttack8" time="0.007" classname="com.hijacking.dao.VerifyLoginTest"/>
  <testcase name="verifyLoginwithTautologyAttack9" time="0.007" classname="com.hijacking.dao.VerifyLoginTest"/>
  <testcase name="verifyLoginwithValidCredentials" time="0.007" classname="com.hijacking.dao.VerifyLoginTest"/>
</testsuite> <!-- Unsecured connections -->
