<?xml version="1.0" encoding="UTF-8"?>
<!-- Generated by org.testng.reporters.JUnitXMLReporter -->
<testsuite hostname="pikkurthi" ignored="0" name="Default test" tests="6" failures="0" timestamp="26 Mar 2018 22:09:42 GMT" time="0.473" errors="0">
  <testcase name="testRegistraion" time="0.112" classname="com.hijacking.dao.UserRegistrationTest"/>
  <testcase name="testRegistraionSecondTime" time="0.058" classname="com.hijacking.dao.UserRegistrationTest"/>
  <testcase name="verifyLoginwithInValidCredentials" time="0.011" classname="com.hijacking.dao.VerifyLoginTest"/>
  <testcase name="verifyLoginwithTautologyAttack1" time="0.008" classname="com.hijacking.dao.VerifyLoginTest"/>
  <testcase name="verifyLoginwithTautologyAttack2" time="0.009" classname="com.hijacking.dao.VerifyLoginTest"/>
  <testcase name="verifyLoginwithValidCredentials" time="0.007" classname="com.hijacking.dao.VerifyLoginTest"/>
</testsuite> <!-- Default test -->
