<?xml version="1.0" encoding="UTF-8"?>
<!-- Generated by org.testng.reporters.JUnitXMLReporter -->
<testsuite ignored="0" hostname="DESKTOP-T6FV9MP" failures="0" tests="18" name="Secured connections(failed)" time="0.695" errors="0" timestamp="28 Mar 2018 19:28:41 GMT">
  <testcase classname="com.hijacking.dao.unsecured.UserRegistrationSecuredTest" name="testRegistraion" time="0.026"/>
  <testcase classname="com.hijacking.dao.unsecured.UserRegistrationSecuredTest" name="testRegistraionSecondTime" time="0.023"/>
  <testcase classname="com.hijacking.dao.unsecured.SecuredVerifyLoginTest" name="verifySecuredLoginwithTautologyAttack2" time="0.015"/>
  <testcase classname="com.hijacking.dao.unsecured.SecuredVerifyLoginTest" name="verifySecuredLoginwithTautologyAttack14" time="0.012"/>
  <testcase classname="com.hijacking.dao.unsecured.SecuredVerifyLoginTest" name="verifySecuredLoginwithTautologyAttack3" time="0.017"/>
  <testcase classname="com.hijacking.dao.unsecured.SecuredVerifyLoginTest" name="verifySecuredLoginwithTautologyAttack1" time="0.011"/>
  <testcase classname="com.hijacking.dao.unsecured.SecuredVerifyLoginTest" name="verifySecuredLoginwithValidCredentials" time="0.009"/>
  <testcase classname="com.hijacking.dao.unsecured.SecuredVerifyLoginTest" name="verifySecuredLoginwithTautologyAttack4" time="0.015"/>
  <testcase classname="com.hijacking.dao.unsecured.SecuredVerifyLoginTest" name="verifySecuredLoginwithTautologyAttack13" time="0.019"/>
  <testcase classname="com.hijacking.dao.unsecured.SecuredVerifyLoginTest" name="verifySecuredLoginwithTautologyAttack10" time="0.019"/>
  <testcase classname="com.hijacking.dao.unsecured.SecuredVerifyLoginTest" name="verifySecuredLoginwithTautologyAttack11" time="0.012"/>
  <testcase classname="com.hijacking.dao.unsecured.SecuredVerifyLoginTest" name="verifySecuredLoginwithTautologyAttack12" time="0.042"/>
  <testcase classname="com.hijacking.dao.unsecured.SecuredVerifyLoginTest" name="verifySecuredLoginwithTautologyAttack8" time="0.01"/>
  <testcase classname="com.hijacking.dao.unsecured.SecuredVerifyLoginTest" name="verifySecuredLoginwithInValidCredentials" time="0.012"/>
  <testcase classname="com.hijacking.dao.unsecured.SecuredVerifyLoginTest" name="verifySecuredLoginwithTautologyAttack9" time="0.011"/>
  <testcase classname="com.hijacking.dao.unsecured.SecuredVerifyLoginTest" name="verifySecuredLoginwithTautologyAttack6" time="0.01"/>
  <testcase classname="com.hijacking.dao.unsecured.SecuredVerifyLoginTest" name="verifySecuredLoginwithTautologyAttack7" time="0.01"/>
  <testcase classname="com.hijacking.dao.unsecured.SecuredVerifyLoginTest" name="verifySecuredLoginwithTautologyAttack5" time="0.05"/>
</testsuite> <!-- Secured connections(failed) -->
